Info: /cvmfs mounted; do 'setupATLAS -d -c ...' to skip default mounts.
------------------------------------------------------------------------------
Apptainer: 1.1.5
From: /cvmfs/atlas.cern.ch/repo/containers/sw/apptainer/x86_64-el7/1.1.5/bin/apptainer
ContainerType: atlas-default
apptainer  exec  -B /storage/gpfs_atlas:/storage/gpfs_atlas:ro -e  -H /tmp/pilatlas004/.alrb/container/apptainer/home.WgW2EP:/alrb -B /cvmfs:/cvmfs -B /tmp/atlas_pf1poBB8/PanDA_Pilot-5812169999:/srv /cvmfs/atlas.cern.ch/repo/containers/fs/singularity/x86_64-centos7 /alrb/.bashrc
------------------------------------------------------------------------------
[7mlsetup              [0m lsetup <tool1> [ <tool2> ...] (see lsetup -h):
[7m lsetup asetup      [0m  (or asetup) to setup an Athena release
[7m lsetup astyle      [0m  ATLAS style macros
[7m lsetup atlantis    [0m  Atlantis: event display
[7m lsetup eiclient    [0m  Event Index 
[7m lsetup emi         [0m  EMI: grid middleware user interface 
[7m lsetup ganga       [0m  Ganga: job definition and management client
[7m lsetup lcgenv      [0m  lcgenv: setup tools from cvmfs SFT repository
[7m lsetup panda       [0m  Panda: Production ANd Distributed Analysis
[7m lsetup pyami       [0m  pyAMI: ATLAS Metadata Interface python client
[7m lsetup root        [0m  ROOT data processing framework
[7m lsetup rucio       [0m  distributed data management system client
[7m lsetup scikit      [0m  python data analysis ecosystem
[7m lsetup views       [0m  Set up a full LCG release
[7m lsetup xcache      [0m  XRootD local proxy cache
[7m lsetup xrootd      [0m  XRootD data access
[7madvancedTools       [0m advanced tools menu
[7mdiagnostics         [0m diagnostic tools menu
[7mhelpMe              [0m more help
[7mprintMenu           [0m show this menu
[7mshowVersions        [0m show versions of installed software
 
[1m[4m06 Mar 2023[0m 

centos7: setupATLAS is python3 environment by default (same as setupATLAS -3).
         If you need the previous python2 environment, do setupATLAS -2.
 	 We strongly encourage API users to migrate their scripts to python3.
         [1m * * * This environment has been setup as python3. * * *[0m


 sourcing /srv/my_release_setup.sh 
INFO: sourcing /srv/my_release_setup.sh inside the container. This should not run if it is a ATLAS standalone container
13:05:44 2023/04/07
using python
=== start ===
2023-04-07 11:05:44.908002
=== parameters ===
('libraries', 'panda.0407105854.23583.lib._33011675.32274822442.lib.tgz')
('runDir', '.')
('jobParams', "export ATLAS_LOCAL_ROOT_BASE=/cvmfs/atlas.cern.ch/repo/ATLASLocalRootBase; source /cvmfs/atlas.cern.ch/repo/ATLASLocalRootBase/user/atlasLocalSetup.sh; lsetup 'root 6.20.06-x86_64-centos7-gcc8-opt'; ./exe/MicroNTupleMaker %IN")
('inputFiles', ['user.rgarg.32860630._000001.tree.root'])
('scriptName', '')
('outputFiles', {'output.root': 'user.kipark.33011675._000001.output.root'})
('inputGUIDs', [])
('oldPrefix', '')
('newPrefix', '')
('directIn', False)
('usePFCTurl', False)
('lfcHost', '')
('debugFlag', False)
('liveLog', '')
('sourceURL', 'https://aipanda048.cern.ch')
('inMap', {})
('useAthenaPackages', False)
('archiveJobO', '')
('dbrFile', '')
('dbrRun', -1)
('notExpandDBR', False)
('skipInputByRetry', [])
('writeInputToTxt', '')
('rootVer', '')
('cmtConfig', 'x86_64-centos7-gcc8-opt')
('useRootCore', False)
('givenPFN', False)
('useMana', False)
('manaVer', '')
('useCMake', False)
('preprocess', False)
('postprocess', False)
('execWithRealFileNames', False)
('fileToLoad', '')
('fileToSave', '')
===================
--- Running in /srv ---
===== PFC from pilot =====
<?xml version="1.0" ?>
<!DOCTYPE POOLFILECATALOG SYSTEM "InMemory">
<POOLFILECATALOG>
  <File ID="5E308C59-7A16-4196-B79E-631C984AB2F8">
    <physical>
      <pfn filetype="ROOT_All" name="user.rgarg.32860630._000001.tree.root"/>
    </physical>
    <logical/>
  </File>
  <File ID="CB6DAF8B-6CA7-4D53-92C7-E332A059BD06">
    <physical>
      <pfn filetype="ROOT_All" name="panda.0407105854.23583.lib._33011675.32274822442.lib.tgz"/>
    </physical>
    <logical/>
  </File>
</POOLFILECATALOG>


===== inputFiles with inMap =====
('inputFiles', ['user.rgarg.32860630._000001.tree.root'])

MicroNTupleMaker/
MicroNTupleMaker/MicroNTupleMaker.h
compile.sh
exe/
exe/MicroNTupleMaker
filemap_multijet.json
filemap_signals.json
filemap_test.json
filemap_test_orig.json
filemap_ttbar.json
filemap_wzjets.json
grid_run.sh
run_multijets.sh
run_signals.sh
run_test.sh
setup.sh
src/
src/FunctionHelper.cxx
src/HistHelper.cxx
src/Loop.cxx
src/OutputTreeHelper.cxx
src/WeightHelper.cxx
util/
util/MicroNTupleMaker.C

===== make PandaTracer =====
  32bit making with opt=-m32 in lib
  32bit is not supported
  64bit making with opt=-m64 in lib64
  64bit uses dummy
Log location -> /srv/workDir/dc425e2e-9ea0-424a-9961-47bf86c235a3/pandatracerlog.txt

=== dump ./.rootrc ===
ProofLite.Workers: 1


=== check input files ===
=== New inputFiles ===
['user.rgarg.32860630._000001.tree.root']

=== env variables ===
PILOT_USER=ATLAS
ATLAS_LOCAL_ACM_VERSION=0.1.29
AtlasSetupSite=/cvmfs/atlas.cern.ch/repo/ATLASLocalRootBase/x86_64/AtlasSetup/.config/.asetup.site
MANPATH=/usr/local/share/man:/usr/share/man
HEP_OSLIBS_VER=7.3.1-2.el7.cern
ALRB_cvmfs_sftnight_repo=/cvmfs/sft-nightlies.cern.ch/lcg
ALRB_cvmfs_CDB=/cvmfs/atlas-condb.cern.ch/repo/conditions
ATLAS_LOCAL_ROOT_PACOPT=
ALRB_CONT_SED2HOST= -e 's|/alrb|/tmp/pilatlas004/.alrb/container/apptainer/home.WgW2EP|g' -e 's|/srv|/tmp/atlas_pf1poBB8/PanDA_Pilot-5812169999|g'
APPTAINER_COMMAND=exec
MAKEFLAGS=-j1 QUICK=1 -l1
ALRB_testPath=,,,,,,,,
TMPDIR=/srv
ALRB_SHELL=bash
ALRB_CONT_STARTCMD=apptainer  exec  -B /storage/gpfs_atlas:/storage/gpfs_atlas:ro -e  -H /tmp/pilatlas004/.alrb/container/apptainer/home.WgW2EP:/alrb -B /cvmfs:/cvmfs -B /tmp/atlas_pf1poBB8/PanDA_Pilot-5812169999:/srv /cvmfs/atlas.cern.ch/repo/containers/fs/singularity/x86_64-centos7 /alrb/.bashrc
LD_PRELOAD=/srv/workDir/dc425e2e-9ea0-424a-9961-47bf86c235a3/$LIB/wrapper.so
RUCIO_PYTHONBIN=python3
ALRB_CONT_SWTYPE=apptainer
ALRB_clientShell=bash
ALRB_CONT_SETUPATLASOPT=centos7
ATLAS_LOCAL_SETUP_OPTIONS=
AMI_envPython=python3
ALRB_useGridSW=emi
X509_CERT_DIR=/cvmfs/atlas.cern.ch/repo/ATLASLocalRootBase/etc/grid-security-emi/certificates
ROOT_TTREECACHE_SIZE=1
ALRB_CONT_CONDUCT=,,
VIEWSDIR=/cvmfs/sft.cern.ch/lcg/views
UMD_REL_VER=4.1.3-1.el7.centos
ALRB_SFT_LCG=/cvmfs/sft.cern.ch/lcg
ALRB_envPython=python3
PanDA_AttemptNr=1
LD_LIBRARY_PATH=/.singularity.d/libs
ALRB_CONT_RUNPAYLOAD=/srv/container_script.sh
ALRB_RHVER=7
EMI_PYTHONBIN=python3
ATLAS_LOCAL_ROOT_BASE=/cvmfs/atlas.cern.ch/repo/ATLASLocalRootBase
ALRB_SCRATCH=/alrb/.alrb
ENV=/alrb/.bashrc
SINGULARITY_NAME=x86_64-centos7
ALRB_printHelpMain=
GFORTRAN_TMPDIR=/srv
CMTUSERCONTEXT=/cvmfs/atlas.cern.ch/repo/tools/slc6/cmt
ALRB_cvmfs_Athena=/cvmfs/atlas.cern.ch/repo/sw/software
AtlasSetup=/cvmfs/atlas.cern.ch/repo/ATLASLocalRootBase/x86_64/AtlasSetup/V02-01-06/AtlasSetup
FRONTIER_ID=[33011675_5812169999]
ATLAS_LOCAL_RCSETUP_VERSION=00-04-18
ATLAS_LOCAL_ASETUP_PATH=/cvmfs/atlas.cern.ch/repo/ATLASLocalRootBase/x86_64/AtlasSetup/V02-01-06
FRONTIER_LOG_LEVEL=warning
PANDA_PYTHON_EXEC=python3
ALRB_CONT_IMAGE=apptainer 1.1.5 /cvmfs/atlas.cern.ch/repo/containers/fs/singularity/x86_64-centos7
ALRB_RELOCATECVMFS=NO
ALRB_availableTools= acm adctools agis art asetup astyle atlantis boost clang cmake cppcheck cpuflags darshan davix dcube eiclient emi fax fftw ganga gcc gccxml git gitlab gsl hdf5 lcgenv logstash pacman pacparser panda png prmon pyami python rcsetup root rucio scikit sft stomp swmgr tbb views xcache xrootd
APPTAINER_APPNAME=
PATH=.:/usr/local/sbin:/usr/local/bin:/usr/sbin:/usr/bin:/sbin:/bin:/cvmfs/atlas.cern.ch/repo/ATLASLocalRootBase/containerUtils
ALRB_CONT_REALTMPDIR=/tmp
APPTAINER_ENVIRONMENT=/.singularity.d/env/91-environment.sh
CDATE_DOCKER=20221214175618
ALRB_OSMAJORVER=7
ALRB_infoProc=model name	: Intel(R) Xeon(R) CPU E5-2630 v3 @ 2.40GHz
AtlasSetupSiteCMake=/cvmfs/atlas.cern.ch/repo/ATLASLocalRootBase/x86_64/AtlasSetup/.configCMake/.asetup.site
ALRB_CONT_HOSTARCH=x86_64
ALRB_cvmfs_condb_repo=/cvmfs/atlas-condb.cern.ch/repo
ALRB_OSTYPE=Linux
PWD=/srv/workDir
ALRB_CONT_CMDOPTS= -B /storage/gpfs_atlas:/storage/gpfs_atlas:ro
PANDA_PRELOAD=/srv/workDir/dc425e2e-9ea0-424a-9961-47bf86c235a3/$LIB/wrapper.so
APPTAINER_NAME=x86_64-centos7
ALRB_CONT_SETUPFILE=/srv/my_release_setup.sh
LANG=C
ALRB_CONT_HOSTDUMMYHOME=/tmp/pilatlas004/.alrb/container/apptainer/home.WgW2EP
ALRB_cvmfs_nightly_repo=/cvmfs/atlas-nightlies.cern.ch/repo
ALRB_allowSL6onSL5=NO
ALRB_tmpScratch=/tmp/pilatlas004/.alrb
ALRB_requestedVersions=rcsetup:00-04-18  acm:0.1.29 asetup:V02-01-06  
ATLAS_LOCAL_ASETUP_VERSION=V02-01-06
TRF_EXEC_HOME_DIR=/srv
ALRB_CONT_CHANGEPWD=/srv
TZ=/alrb/localtime
ALRB_infoUname=Linux wn-200-10-21-09-a.cr.cnaf.infn.it 3.10.0-1160.80.1.el7.x86_64 #1 SMP Wed Nov 2 16:40:42 CDT 2022 x86_64 x86_64 x86_64 GNU/Linux
PandaID=5812169999
SINGULARITY_ENVIRONMENT=/.singularity.d/env/91-environment.sh
CDATE_SINGULARITY=20221214182410
APPTAINER_CONTAINER=/cvmfs/atlas.cern.ch/repo/containers/fs/singularity/x86_64-centos7
ALRB_tokensPanda=NO
ATLAS_POOLCOND_PATH=/cvmfs/atlas-condb.cern.ch/repo/conditions
SINGULARITY_BIND=/storage/gpfs_atlas:/storage/gpfs_atlas:ro,/cvmfs,/srv
ALRB_gridType=none
ALRB_availableToolsPost= acm adctools agis art asetup astyle atlantis boost clang cmake cppcheck cpuflags darshan davix dcube eiclient emi fax fftw ganga gcc gccxml git gitlab gsl hdf5 lcgenv logstash pacman pacparser panda png prmon pyami python rcsetup root rucio scikit sft stomp swmgr tbb views xcache xrootd installRpm printmenu showversions
ALRB_SFTNIGHT_LCG=/cvmfs/sft-nightlies.cern.ch/lcg
HOME=/alrb
SHLVL=3
ALRB_CONT_DUMMYHOME=/alrb
ALRB_cvmfs_sft_repo=/cvmfs/sft.cern.ch/lcg
ALRB_SFT_LCGEXT_MAP=/cvmfs/sft.cern.ch/lcg/mapfile.txt
ATLAS_LOCAL_RCSETUP_PATH=/cvmfs/atlas.cern.ch/repo/ATLASLocalRootBase/x86_64/rcSetup/00-04-18
ALRB_CONT_SED2CONT= -e 's|/tmp/pilatlas004/.alrb/container/apptainer/home.WgW2EP|/alrb|g' -e 's|/tmp/atlas_pf1poBB8/PanDA_Pilot-5812169999|/srv|g'
X509_USER_PROXY=/tmp/atlas_pf1poBB8/PanDA_Pilot-5812169999/x509up_u25606_pilot-unified.proxy
ALRB_ACM_PATH=/cvmfs/atlas.cern.ch/repo/ATLASLocalRootBase/x86_64/acm/0.1.29/acm
rcSetup=/cvmfs/atlas.cern.ch/repo/ATLASLocalRootBase/x86_64/rcSetup/00-04-18
ALRB_CONT_HOSTOS=Linux
PANDA_PY3=1
INDS=unknown
RUCIO_ACCOUNT=pilot
ALRB_USER_PLATFORM=centos7+/cvmfs/atlas.cern.ch/repo/containers/fs/singularity/x86_64-centos7
ALRB_RELOCATEALRB=NO
TestArea=/srv/workDir
ROOTCORE_NCPUS=1
PANDA_RESOURCE=INFN-CNAF
ATLAS_LOCAL_ROOT_ARCH=x86_64
PROMPT_COMMAND=PS1="Singularity> "; unset PROMPT_COMMAND
RUCIO_APPID=panda-client-1.5.42-jedi-run
SINGULARITY_CONTAINER=/cvmfs/atlas.cern.ch/repo/containers/fs/singularity/x86_64-centos7
ALRB_cvmfs_ALRB=/cvmfs/atlas.cern.ch/repo/ATLASLocalRootBase
ALRB_motdExclusions=
APPTAINER_BIND=/storage/gpfs_atlas:/storage/gpfs_atlas:ro,/cvmfs,/srv
ALRB_cvmfs_unpacked_repo=/cvmfs/unpacked.cern.ch
PanDA_TaskID=33011675
FRONTIER_SERVER=(serverurl=http://atlasfrontier-ai.cern.ch:8000/atlr)(serverurl=http://atlasfrontier2-ai.cern.ch:8000/atlr)(serverurl=http://atlasfrontier1-ai.cern.ch:8000/atlr)(proxyurl=http://squid-atlas.cr.cnaf.infn.it:3128)(proxyurl=http://squid-lhc-04.cr.cnaf.infn.it:3128)(proxyurl=http://squid-lhc-03.cr.cnaf.infn.it:3128)(proxyurl=http://squid-lhc-02.cr.cnaf.infn.it:3128)(proxyurl=http://squid-lhc-01.cr.cnaf.infn.it:3128)(proxyurl=http://atlasbpfrontier.cern.ch:3127)(proxyurl=http://atlasbpfrontier.fnal.gov:3127)
CMSSW_VERSION=[33011675_5812169999]
ATLAS_LOCAL_ROOT=/cvmfs/atlas.cern.ch/repo/ATLASLocalRootBase/x86_64
ALRB_CONT_IMAGESINGULARITY=/cvmfs/atlas.cern.ch/repo/containers/fs/singularity/x86_64-centos7
ALRB_sedExclusions=
ALRB_cvmfs_repo=/cvmfs/atlas.cern.ch/repo
ALRB_containerType=atlas-default
ALRB_availableToolsPre= lsetup
_=/usr/bin/env

=== ls . ===
total 88
drwxr-xr-x 2 pilatlas004 pilatlas    32 Apr  7 13:05 MicroNTupleMaker
-rw-r--r-- 1 pilatlas004 pilatlas   154 Apr  7 13:05 compile.sh
drwxr-xr-x 4 pilatlas004 pilatlas    56 Apr  7 13:05 dc425e2e-9ea0-424a-9961-47bf86c235a3
drwxr-xr-x 2 pilatlas004 pilatlas    30 Apr  7 13:05 exe
-rw-r--r-- 1 pilatlas004 pilatlas  5593 Apr  7 13:05 filemap_multijet.json
-rw-r--r-- 1 pilatlas004 pilatlas 22759 Apr  7 13:05 filemap_signals.json
-rw-r--r-- 1 pilatlas004 pilatlas   388 Apr  7 13:05 filemap_test.json
-rw-r--r-- 1 pilatlas004 pilatlas   390 Apr  7 13:05 filemap_test_orig.json
-rw-r--r-- 1 pilatlas004 pilatlas  5068 Apr  7 13:05 filemap_ttbar.json
-rw-r--r-- 1 pilatlas004 pilatlas 10396 Apr  7 13:05 filemap_wzjets.json
-rwxr-xr-x 1 pilatlas004 pilatlas  1886 Apr  7 13:05 grid_run.sh
-rw-r--r-- 1 pilatlas004 pilatlas   216 Apr  7 13:05 outfilename.h
-rw-r--r-- 1 pilatlas004 pilatlas  1578 Apr  7 13:05 run_multijets.sh
-rw-r--r-- 1 pilatlas004 pilatlas  1747 Apr  7 13:05 run_signals.sh
-rwxr-xr-x 1 pilatlas004 pilatlas  1815 Apr  7 13:05 run_test.sh
-rw-r--r-- 1 pilatlas004 pilatlas    74 Apr  7 13:05 setup.sh
drwxr-xr-x 2 pilatlas004 pilatlas   122 Apr  7 13:05 src
lrwxrwxrwx 1 pilatlas004 pilatlas    42 Apr  7 13:05 user.rgarg.32860630._000001.tree.root -> /srv/user.rgarg.32860630._000001.tree.root
drwxr-xr-x 2 pilatlas004 pilatlas    32 Apr  7 13:05 util

=== execute ===
export TestArea=/srv/workDir; export PANDA_PRELOAD=/srv/workDir/dc425e2e-9ea0-424a-9961-47bf86c235a3/'$LIB'/wrapper.so${LD_PRELOAD:+:$LD_PRELOAD}; export LD_PRELOAD=/srv/workDir/dc425e2e-9ea0-424a-9961-47bf86c235a3/'$LIB'/wrapper.so${LD_PRELOAD:+:$LD_PRELOAD}; cat trf.ecc9f535-a869-40fe-aa08-e45c73b51ff1.py;python -u trf.ecc9f535-a869-40fe-aa08-e45c73b51ff1.py
import os,sys
status=os.system(r""" export ATLAS_LOCAL_ROOT_BASE=/cvmfs/atlas.cern.ch/repo/ATLASLocalRootBase; source /cvmfs/atlas.cern.ch/repo/ATLASLocalRootBase/user/atlasLocalSetup.sh; lsetup 'root 6.20.06-x86_64-centos7-gcc8-opt'; ./exe/MicroNTupleMaker user.rgarg.32860630._000001.tree.root""")
status %= 255
sys.exit(status)

[7mlsetup              [0m lsetup <tool1> [ <tool2> ...] (see lsetup -h):
[7m lsetup asetup      [0m  (or asetup) to setup an Athena release
[7m lsetup astyle      [0m  ATLAS style macros
[7m lsetup atlantis    [0m  Atlantis: event display
[7m lsetup eiclient    [0m  Event Index 
[7m lsetup emi         [0m  EMI: grid middleware user interface 
[7m lsetup ganga       [0m  Ganga: job definition and management client
[7m lsetup lcgenv      [0m  lcgenv: setup tools from cvmfs SFT repository
[7m lsetup panda       [0m  Panda: Production ANd Distributed Analysis
[7m lsetup pyami       [0m  pyAMI: ATLAS Metadata Interface python client
[7m lsetup root        [0m  ROOT data processing framework
[7m lsetup rucio       [0m  distributed data management system client
[7m lsetup scikit      [0m  python data analysis ecosystem
[7m lsetup views       [0m  Set up a full LCG release
[7m lsetup xcache      [0m  XRootD local proxy cache
[7m lsetup xrootd      [0m  XRootD data access
[7madvancedTools       [0m advanced tools menu
[7mdiagnostics         [0m diagnostic tools menu
[7mhelpMe              [0m more help
[7mprintMenu           [0m show this menu
[7mshowVersions        [0m show versions of installed software
 
[1m[4m06 Mar 2023[0m 

centos7: setupATLAS is python3 environment by default (same as setupATLAS -3).
         If you need the previous python2 environment, do setupATLAS -2.
 	 We strongly encourage API users to migrate their scripts to python3.
         [1m * * * This environment has been setup as python3. * * *[0m


************************************************************************
Requested:  root ... 
 Setting up [4mroot 6.20.06-x86_64-centos7-gcc8-opt[0m ... 
  ROOT is from lcgenv -p LCG_97a x86_64-centos7-gcc8-opt ROOT
>>>>>>>>>>>>>>>>>>>>>>>>> Information for user <<<<<<<<<<<<<<<<<<<<<<<<<
 root:
   Tip for _this_ standalone ROOT and grid (ie prun) submission:
    avoid --athenaTag if you do not need athena
    use --rootVer=6.20/06 --cmtConfig=x86_64-centos7-gcc8-opt
 root:
   Note this ROOT from lcgenv sets up a long list of library paths.
   This may slow down executables; they look at each library path item.
   A faster alternative - setup the entire LCG stack with views:
    lsetup "views LCG_97a x86_64-centos7-gcc8-opt"
************************************************************************
Reading in user.rgarg.32860630._000001.tree.root
Creating file
ls file contents
TFile**		user.rgarg.32860630._000001.tree.root	
 TFile*		user.rgarg.32860630._000001.tree.root	
  KEY: TTree	outTree;1	outTree
  KEY: TH1D	cutflow;1	cutflow
  KEY: TH1D	cutflow_weighted;1	cutflow_weighted
  KEY: TH1D	MetaData_EventCount;1	MetaData_EventCount
Getting metadata
Cloning metadata
Setting directory to 0
Closing file
metadata sumW: 207527
Will write to output.root
Declaring class
Declaring Histograms...
Initial events: 739
Events passing cutflow: 739
Writing Tree(s)...
Writing Histograms...

=== ls in run dir : . ===
total 464
drwxr-xr-x 2 pilatlas004 pilatlas     32 Apr  7 13:05 MicroNTupleMaker
-rw-r--r-- 1 pilatlas004 pilatlas    154 Apr  7 13:05 compile.sh
drwxr-xr-x 4 pilatlas004 pilatlas     56 Apr  7 13:05 dc425e2e-9ea0-424a-9961-47bf86c235a3
drwxr-xr-x 2 pilatlas004 pilatlas     30 Apr  7 13:05 exe
-rw-r--r-- 1 pilatlas004 pilatlas   5593 Apr  7 13:05 filemap_multijet.json
-rw-r--r-- 1 pilatlas004 pilatlas  22759 Apr  7 13:05 filemap_signals.json
-rw-r--r-- 1 pilatlas004 pilatlas    388 Apr  7 13:05 filemap_test.json
-rw-r--r-- 1 pilatlas004 pilatlas    390 Apr  7 13:05 filemap_test_orig.json
-rw-r--r-- 1 pilatlas004 pilatlas   5068 Apr  7 13:05 filemap_ttbar.json
-rw-r--r-- 1 pilatlas004 pilatlas  10396 Apr  7 13:05 filemap_wzjets.json
-rwxr-xr-x 1 pilatlas004 pilatlas   1886 Apr  7 13:05 grid_run.sh
-rw-r--r-- 1 pilatlas004 pilatlas    216 Apr  7 13:05 outfilename.h
-rw-r--r-- 1 pilatlas004 pilatlas 374538 Apr  7 13:05 output.root
-rw-r--r-- 1 pilatlas004 pilatlas   1578 Apr  7 13:05 run_multijets.sh
-rw-r--r-- 1 pilatlas004 pilatlas   1747 Apr  7 13:05 run_signals.sh
-rwxr-xr-x 1 pilatlas004 pilatlas   1815 Apr  7 13:05 run_test.sh
-rw-r--r-- 1 pilatlas004 pilatlas     74 Apr  7 13:05 setup.sh
drwxr-xr-x 2 pilatlas004 pilatlas    122 Apr  7 13:05 src
-rw-r--r-- 1 pilatlas004 pilatlas      0 Apr  7 13:05 tmp.stderr.bd7ba202-6450-4ae8-bb72-d1270d575f3d
-rw-r--r-- 1 pilatlas004 pilatlas   2983 Apr  7 13:05 tmp.stdout.2525f57d-8de7-4002-ab49-6ee243e1fcc0
-rw-r--r-- 1 pilatlas004 pilatlas    332 Apr  7 13:05 trf.ecc9f535-a869-40fe-aa08-e45c73b51ff1.py
lrwxrwxrwx 1 pilatlas004 pilatlas     42 Apr  7 13:05 user.rgarg.32860630._000001.tree.root -> /srv/user.rgarg.32860630._000001.tree.root
drwxr-xr-x 2 pilatlas004 pilatlas     32 Apr  7 13:05 util



=== ls in work dir : /srv ===
total 540
-rw-r--r--  1 pilatlas004 pilatlas    163 Apr  7 13:05 PoolFileCatalog.xml
-rwxr-xr-x  1 pilatlas004 pilatlas    993 Apr  7 13:05 container_script.sh
-rw-r--r--  1 pilatlas004 pilatlas    228 Apr  7 13:05 memory_monitor_output.txt
-rw-r--r--  1 pilatlas004 pilatlas    997 Apr  7 13:05 memory_monitor_summary.json_snapshot
-rw-r--r--  1 pilatlas004 pilatlas    219 Apr  7 13:05 my_release_setup.sh
lrwxrwxrwx  1 pilatlas004 pilatlas    120 Apr  7 13:05 panda.0407105854.23583.lib._33011675.32274822442.lib.tgz -> /storage/gpfs_atlas/atlas/atlasscratchdisk/rucio///panda/a6/b1//panda.0407105854.23583.lib._33011675.32274822442.lib.tgz
-rw-r--r--  1 pilatlas004 pilatlas      0 Apr  7 13:05 pandatracerlog.txt
drwxr-xr-x  7 pilatlas004 pilatlas    116 Apr  7 13:05 pandawnutil
-rw-r--r--  1 pilatlas004 pilatlas      0 Apr  7 13:05 payload.stderr
-rw-r--r--  1 pilatlas004 pilatlas  18869 Apr  7 13:05 payload.stdout
lrwxrwxrwx  1 pilatlas004 pilatlas     15 Apr  7 13:05 pilotlog.txt -> ../pilotlog.txt
-rw-r--r--  1 pilatlas004 pilatlas      0 Apr  7 13:05 prmon.log
-rwxr-xr-x  1 pilatlas004 pilatlas  76343 Apr  7 13:05 runGen-00-00-02
-rw-r--r--  1 pilatlas004 pilatlas  29140 Jan 19 11:24 runGen.py
drwxr-xr-x 10 pilatlas004 pilatlas    139 Apr  7 13:05 src
-rw-r--r--  1 pilatlas004 pilatlas 374538 Apr  7 13:05 user.kipark.33011675._000001.output.root
lrwxrwxrwx  1 pilatlas004 pilatlas    106 Apr  7 13:05 user.rgarg.32860630._000001.tree.root -> /storage/gpfs_atlas/atlas/atlasscratchdisk/rucio///user/rgarg/ff/af//user.rgarg.32860630._000001.tree.root
drwxr-xr-x  7 pilatlas004 pilatlas   4096 Apr  7 13:05 workDir
-rw-------  1 pilatlas004 pilatlas  17443 Apr  7 13:05 x509up_u25606_pilot-unified.proxy

==== Result ====
2023-04-07 11:05:55.732727
execute script: Running script was successful
